[debug] [2023-04-18T13:17:21.315Z] ----------------------------------------------------------------------
[debug] [2023-04-18T13:17:21.316Z] Command:       /home/chbazios/.nvm/versions/node/v14.21.1/bin/node /home/chbazios/.nvm/versions/node/v14.21.1/bin/firebase init
[debug] [2023-04-18T13:17:21.316Z] CLI Version:   11.27.0
[debug] [2023-04-18T13:17:21.316Z] Platform:      linux
[debug] [2023-04-18T13:17:21.316Z] Node Version:  v14.21.1
[debug] [2023-04-18T13:17:21.316Z] Time:          Tue Apr 18 2023 16:17:21 GMT+0300 (Eastern European Summer Time)
[debug] [2023-04-18T13:17:21.317Z] ----------------------------------------------------------------------
[debug] 
[debug] [2023-04-18T13:17:21.320Z] > command requires scopes: ["email","openid","https://www.googleapis.com/auth/cloudplatformprojects.readonly","https://www.googleapis.com/auth/firebase","https://www.googleapis.com/auth/cloud-platform"]
[debug] [2023-04-18T13:17:21.320Z] > authorizing via signed-in user (chbazios78@gmail.com)
[info] 
     ######## #### ########  ######## ########     ###     ######  ########
     ##        ##  ##     ## ##       ##     ##  ##   ##  ##       ##
     ######    ##  ########  ######   ########  #########  ######  ######
     ##        ##  ##    ##  ##       ##     ## ##     ##       ## ##
     ##       #### ##     ## ######## ########  ##     ##  ######  ########

You're about to initialize a Firebase project in this directory:

  /home/chbazios/workspace-node-react/firebase-course

[info] 
=== Project Setup
[info] 
[info] First, let's associate this project directory with a Firebase project.
[info] You can create multiple project aliases by running firebase use --add, 
[info] but for now we'll just set up a default project.
[info] 
[debug] [2023-04-18T13:17:50.341Z] >>> [apiv2][query] GET https://firebase.googleapis.com/v1beta1/projects pageSize=100
[debug] [2023-04-18T13:17:51.027Z] <<< [apiv2][status] GET https://firebase.googleapis.com/v1beta1/projects 200
[debug] [2023-04-18T13:17:51.028Z] <<< [apiv2][body] GET https://firebase.googleapis.com/v1beta1/projects [omitted]
[info] i  Using project fir-course-2023a (firebase-course) 
[info] 
=== Hosting Setup
[info] 
[info] Your public directory is the folder (relative to your project directory) that
[info] will contain Hosting assets to be uploaded with firebase deploy. If you
[info] have a build process for your assets, use your build's output directory.
[info] 
[info] ✔  Wrote public/404.html 
[debug] [2023-04-18T13:19:22.775Z] >>> [apiv2][query] GET https://www.gstatic.com/firebasejs/releases.json [none]
[debug] [2023-04-18T13:19:22.981Z] <<< [apiv2][status] GET https://www.gstatic.com/firebasejs/releases.json 200
[debug] [2023-04-18T13:19:22.981Z] <<< [apiv2][body] GET https://www.gstatic.com/firebasejs/releases.json {"current":{"version":"9.19.1","browserURL":"https://www.gstatic.com/firebasejs/9.19.1/firebase.js","packageURL":"https://www.gstatic.com/firebasejs/9.19.1/firebase.tgz"},"live":{"version":"9.19","browserURL":"https://www.gstatic.com/firebasejs/live/9.19/firebase.js","packageURL":"https://www.gstatic.com/firebasejs/live/9.19/firebase.tgz"},"components":{"analytics":"https://www.gstatic.com/firebasejs/9.19.1/firebase-analytics.js","app":"https://www.gstatic.com/firebasejs/9.19.1/firebase-app.js","app-check":"https://www.gstatic.com/firebasejs/9.19.1/firebase-app-check.js","auth":"https://www.gstatic.com/firebasejs/9.19.1/firebase-auth.js","auth/cordova":"https://www.gstatic.com/firebasejs/9.19.1/firebase-auth/cordova.js","auth/react-native":"https://www.gstatic.com/firebasejs/9.19.1/firebase-auth/react-native.js","functions":"https://www.gstatic.com/firebasejs/9.19.1/firebase-functions.js","firestore":"https://www.gstatic.com/firebasejs/9.19.1/firebase-firestore.js","firestore/lite":"https://www.gstatic.com/firebasejs/9.19.1/firebase-firestore/lite.js","installations":"https://www.gstatic.com/firebasejs/9.19.1/firebase-installations.js","storage":"https://www.gstatic.com/firebasejs/9.19.1/firebase-storage.js","performance":"https://www.gstatic.com/firebasejs/9.19.1/firebase-performance.js","remote-config":"https://www.gstatic.com/firebasejs/9.19.1/firebase-remote-config.js","messaging":"https://www.gstatic.com/firebasejs/9.19.1/firebase-messaging.js","messaging/sw":"https://www.gstatic.com/firebasejs/9.19.1/firebase-messaging/sw.js","database":"https://www.gstatic.com/firebasejs/9.19.1/firebase-database.js","firestore.memory":"https://www.gstatic.com/firebasejs/9.19.1/firebase-firestore.memory.js"}}
[info] i  Skipping write of public/index.html 
[info] 
[info] i  Detected a .git folder at /home/chbazios/workspace-node-react/firebase-course 
[info] i  Authorizing with GitHub to upload your service account to a GitHub repository's secrets store. 
[info] 
[info] Visit this URL on this device to log in:
[info] https://github.com/login/oauth/authorize?client_id=89cf50f02ac6aaed3484&state=506024302&redirect_uri=http%3A%2F%2Flocalhost%3A9005&scope=read%3Auser%20repo%20public_repo
[info] 
[info] Waiting for authentication...
[debug] [2023-04-18T13:20:41.360Z] >>> [apiv2][query] POST https://github.com/login/oauth/access_token [none]
[debug] [2023-04-18T13:20:41.360Z] >>> [apiv2][body] POST https://github.com/login/oauth/access_token [stream]
[debug] [2023-04-18T13:20:41.744Z] <<< [apiv2][status] POST https://github.com/login/oauth/access_token 200
[debug] [2023-04-18T13:20:41.745Z] <<< [apiv2][body] POST https://github.com/login/oauth/access_token {"access_token":"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","token_type":"bearer","scope":"read:user,repo"}
[debug] [2023-04-18T13:20:41.758Z] >>> [apiv2][query] GET https://api.github.com/user [none]
[debug] [2023-04-18T13:20:42.198Z] <<< [apiv2][status] GET https://api.github.com/user 200
[debug] [2023-04-18T13:20:42.198Z] <<< [apiv2][body] GET https://api.github.com/user {"login":"chbazios","id":7105817,"node_id":"MDQ6VXNlcjcxMDU4MTc=","avatar_url":"https://avatars.githubusercontent.com/u/7105817?v=4","gravatar_id":"","url":"https://api.github.com/users/chbazios","html_url":"https://github.com/chbazios","followers_url":"https://api.github.com/users/chbazios/followers","following_url":"https://api.github.com/users/chbazios/following{/other_user}","gists_url":"https://api.github.com/users/chbazios/gists{/gist_id}","starred_url":"https://api.github.com/users/chbazios/starred{/owner}{/repo}","subscriptions_url":"https://api.github.com/users/chbazios/subscriptions","organizations_url":"https://api.github.com/users/chbazios/orgs","repos_url":"https://api.github.com/users/chbazios/repos","events_url":"https://api.github.com/users/chbazios/events{/privacy}","received_events_url":"https://api.github.com/users/chbazios/received_events","type":"User","site_admin":false,"name":"Christos Bazios","company":null,"blog":"","location":null,"email":"chbazios78@gmail.com","hireable":null,"bio":null,"twitter_username":null,"public_repos":6,"public_gists":0,"followers":0,"following":0,"created_at":"2014-03-30T07:58:16Z","updated_at":"2023-02-02T21:48:27Z","private_gists":0,"total_private_repos":0,"owned_private_repos":0,"disk_usage":53,"collaborators":0,"two_factor_authentication":false,"plan":{"name":"free","space":976562499,"collaborators":0,"private_repos":10000}}
[info] 
[info] ✔  Success! Logged into GitHub as chbazios 
[info] 
